
*** Running vivado
    with args -log stopwatch.vds -m64 -product Vivado -mode batch -messageDb vivado.pb -notrace -source stopwatch.tcl



****** Vivado v2022.2 (64-bit)
  **** SW Build 3671981 on Fri Oct 14 05:00:03 MDT 2022
  **** IP Build 3669848 on Fri Oct 14 08:30:02 MDT 2022
    ** Copyright 1986-2022 Xilinx, Inc. All Rights Reserved.

source stopwatch.tcl -notrace
create_project: Time (s): cpu = 00:00:02 ; elapsed = 00:00:09 . Memory (MB): peak = 393.824 ; gain = 67.438
Command: read_checkpoint -auto_incremental -incremental C:/Users/no_kn/Documents/unh/coursework/ece583/vivado/lab5/lab5.srcs/utils_1/imports/synth_1/stopwatch.dcp
INFO: [Vivado 12-5825] Read reference checkpoint from C:/Users/no_kn/Documents/unh/coursework/ece583/vivado/lab5/lab5.srcs/utils_1/imports/synth_1/stopwatch.dcp for incremental synthesis
INFO: [Vivado 12-7989] Please ensure there are no constraint changes
Command: synth_design -top stopwatch -part xc7a35tcpg236-1
Starting synth_design
Attempting to get a license for feature 'Synthesis' and/or device 'xc7a35t'
INFO: [Common 17-349] Got license for feature 'Synthesis' and/or device 'xc7a35t'
INFO: [Device 21-403] Loading part xc7a35tcpg236-1
INFO: [Designutils 20-5440] No compile time benefit to using incremental synthesis; A full resynthesis will be run
INFO: [Designutils 20-4379] Flow is switching to default flow due to incremental criteria not met. If you would like to alter this behaviour and have the flow terminate instead, please set the following parameter config_implementation {autoIncr.Synth.RejectBehavior Terminate}
INFO: [Synth 8-7079] Multithreading enabled for synth_design using a maximum of 2 processes.
INFO: [Synth 8-7078] Launching helper process for spawning children vivado processes
INFO: [Synth 8-7075] Helper process launched with PID 20684
INFO: [Synth 8-11241] undeclared symbol 'REGCCE', assumed default net type 'wire' [C:/Xilinx/Vivado/2022.2/data/verilog/src/unimacro/BRAM_SINGLE_MACRO.v:2170]
INFO: [Synth 8-11241] undeclared symbol 'displayInputSel', assumed default net type 'wire' [C:/Users/no_kn/Documents/unh/coursework/ece583/vivado/lab5/lab5.srcs/sources_1/new/stopwatch.v:49]
INFO: [Synth 8-11241] undeclared symbol 'registerEN', assumed default net type 'wire' [C:/Users/no_kn/Documents/unh/coursework/ece583/vivado/lab5/lab5.srcs/sources_1/new/stopwatch.v:50]
INFO: [Synth 8-11241] undeclared symbol 'registerInputSel', assumed default net type 'wire' [C:/Users/no_kn/Documents/unh/coursework/ece583/vivado/lab5/lab5.srcs/sources_1/new/stopwatch.v:51]
INFO: [Synth 8-11241] undeclared symbol 'counterEN', assumed default net type 'wire' [C:/Users/no_kn/Documents/unh/coursework/ece583/vivado/lab5/lab5.srcs/sources_1/new/stopwatch.v:52]
INFO: [Synth 8-11241] undeclared symbol 'counterReset', assumed default net type 'wire' [C:/Users/no_kn/Documents/unh/coursework/ece583/vivado/lab5/lab5.srcs/sources_1/new/stopwatch.v:53]
INFO: [Synth 8-11241] undeclared symbol 'r2', assumed default net type 'wire' [C:/Users/no_kn/Documents/unh/coursework/ece583/vivado/lab5/lab5.srcs/sources_1/new/stopwatch.v:65]
---------------------------------------------------------------------------------
Starting RTL Elaboration : Time (s): cpu = 00:00:06 ; elapsed = 00:00:10 . Memory (MB): peak = 1205.844 ; gain = 408.797
---------------------------------------------------------------------------------
INFO: [Synth 8-6157] synthesizing module 'stopwatch' [C:/Users/no_kn/Documents/unh/coursework/ece583/vivado/lab5/lab5.srcs/sources_1/new/stopwatch.v:23]
INFO: [Synth 8-6157] synthesizing module 'stopwatch_control_unit' [C:/Users/no_kn/Documents/unh/coursework/ece583/vivado/lab5/lab5.srcs/sources_1/new/stopwatch_control_unit.v:23]
INFO: [Synth 8-6157] synthesizing module 'stopwatch_state_transition_control' [C:/Users/no_kn/Documents/unh/coursework/ece583/vivado/lab5/lab5.srcs/sources_1/new/stopwatch_state_transition_control.v:23]
INFO: [Synth 8-6155] done synthesizing module 'stopwatch_state_transition_control' (0#1) [C:/Users/no_kn/Documents/unh/coursework/ece583/vivado/lab5/lab5.srcs/sources_1/new/stopwatch_state_transition_control.v:23]
INFO: [Synth 8-6157] synthesizing module 'stopwatch_output_control' [C:/Users/no_kn/Documents/unh/coursework/ece583/vivado/lab5/lab5.srcs/sources_1/new/stopwatch_output_control.v:23]
INFO: [Synth 8-6155] done synthesizing module 'stopwatch_output_control' (0#1) [C:/Users/no_kn/Documents/unh/coursework/ece583/vivado/lab5/lab5.srcs/sources_1/new/stopwatch_output_control.v:23]
INFO: [Synth 8-6155] done synthesizing module 'stopwatch_control_unit' (0#1) [C:/Users/no_kn/Documents/unh/coursework/ece583/vivado/lab5/lab5.srcs/sources_1/new/stopwatch_control_unit.v:23]
INFO: [Synth 8-6157] synthesizing module 'four_digit_binary_coded_decimal_counter' [C:/Users/no_kn/Documents/unh/coursework/ece583/vivado/lab5/lab5.srcs/sources_1/new/four_digit_binary_coded_decimal_counter.v:23]
INFO: [Synth 8-6157] synthesizing module 'four_bit_binary_coded_decimal_counter' [C:/Users/no_kn/Documents/unh/coursework/ece583/vivado/lab5/lab5.srcs/sources_1/new/four_bit_binary_coded_decimal_counter.v:23]
INFO: [Synth 8-155] case statement is not full and has no default [C:/Users/no_kn/Documents/unh/coursework/ece583/vivado/lab5/lab5.srcs/sources_1/new/four_bit_binary_coded_decimal_counter.v:40]
INFO: [Synth 8-6155] done synthesizing module 'four_bit_binary_coded_decimal_counter' (0#1) [C:/Users/no_kn/Documents/unh/coursework/ece583/vivado/lab5/lab5.srcs/sources_1/new/four_bit_binary_coded_decimal_counter.v:23]
INFO: [Synth 8-6155] done synthesizing module 'four_digit_binary_coded_decimal_counter' (0#1) [C:/Users/no_kn/Documents/unh/coursework/ece583/vivado/lab5/lab5.srcs/sources_1/new/four_digit_binary_coded_decimal_counter.v:23]
INFO: [Synth 8-6157] synthesizing module 'display_control' [C:/Users/no_kn/Documents/unh/coursework/ece583/vivado/lab5/lab5.srcs/sources_1/new/display_control.v:23]
INFO: [Synth 8-6157] synthesizing module 'get_segment_value' [C:/Users/no_kn/Documents/unh/coursework/ece583/vivado/lab5/lab5.srcs/sources_1/new/get_segment_value.v:23]
INFO: [Synth 8-6155] done synthesizing module 'get_segment_value' (0#1) [C:/Users/no_kn/Documents/unh/coursework/ece583/vivado/lab5/lab5.srcs/sources_1/new/get_segment_value.v:23]
INFO: [Synth 8-6155] done synthesizing module 'display_control' (0#1) [C:/Users/no_kn/Documents/unh/coursework/ece583/vivado/lab5/lab5.srcs/sources_1/new/display_control.v:23]
ERROR: [Synth 8-685] variable 'segment' should not be used in output port connection [C:/Users/no_kn/Documents/unh/coursework/ece583/vivado/lab5/lab5.srcs/sources_1/new/stopwatch.v:66]
ERROR: [Synth 8-6156] failed synthesizing module 'stopwatch' [C:/Users/no_kn/Documents/unh/coursework/ece583/vivado/lab5/lab5.srcs/sources_1/new/stopwatch.v:23]
---------------------------------------------------------------------------------
Finished RTL Elaboration : Time (s): cpu = 00:00:07 ; elapsed = 00:00:13 . Memory (MB): peak = 1295.730 ; gain = 498.684
---------------------------------------------------------------------------------
RTL Elaboration failed
INFO: [Common 17-83] Releasing license: Synthesis
33 Infos, 0 Warnings, 0 Critical Warnings and 3 Errors encountered.
synth_design failed
ERROR: [Common 17-69] Command failed: Synthesis failed - please see the console or run log file for details
INFO: [Common 17-206] Exiting Vivado at Thu May  4 14:55:40 2023...
