Vivado Simulator v2022.2
Copyright 1986-1999, 2001-2022 Xilinx, Inc. All Rights Reserved.
Running: C:/Xilinx/Vivado/2022.2/bin/unwrapped/win64.o/xelab.exe --incr --debug typical --relax --mt 2 -L xil_defaultlib -L unisims_ver -L unimacro_ver -L secureip --snapshot behavioral_tb_behav xil_defaultlib.behavioral_tb xil_defaultlib.glbl -log elaborate.log 
Using 2 slave threads.
Starting static elaboration
Pass Through NonSizing Optimizer
WARNING: [VRFC 10-3705] select index 0 into 'in' is out of bounds [C:/Users/no_kn/Desktop/dataflow.v:28]
WARNING: [VRFC 10-3705] select index 0 into 'in' is out of bounds [C:/Users/no_kn/Desktop/dataflow.v:29]
WARNING: [VRFC 10-3705] select index 0 into 'in' is out of bounds [C:/Users/no_kn/Desktop/dataflow.v:30]
WARNING: [VRFC 10-3705] select index 0 into 'in' is out of bounds [C:/Users/no_kn/Desktop/dataflow.v:31]
WARNING: [VRFC 10-3705] select index 0 into 'in' is out of bounds [C:/Users/no_kn/Desktop/dataflow.v:32]
WARNING: [VRFC 10-3705] select index 0 into 'in' is out of bounds [C:/Users/no_kn/Desktop/dataflow.v:33]
WARNING: [VRFC 10-3705] select index 0 into 'in' is out of bounds [C:/Users/no_kn/Desktop/dataflow.v:34]
WARNING: [VRFC 10-3705] select index 0 into 'in' is out of bounds [C:/Users/no_kn/Desktop/dataflow.v:35]
WARNING: [VRFC 10-3705] select index 0 into 'in' is out of bounds [C:/Users/no_kn/Desktop/dataflow.v:37]
WARNING: [VRFC 10-3705] select index 0 into 'in' is out of bounds [C:/Users/no_kn/Desktop/dataflow.v:38]
WARNING: [VRFC 10-3705] select index 0 into 'in' is out of bounds [C:/Users/no_kn/Desktop/dataflow.v:39]
WARNING: [VRFC 10-3705] select index 0 into 'in' is out of bounds [C:/Users/no_kn/Desktop/dataflow.v:40]
WARNING: [VRFC 10-3705] select index 0 into 'in' is out of bounds [C:/Users/no_kn/Desktop/dataflow.v:41]
WARNING: [VRFC 10-3705] select index 0 into 'in' is out of bounds [C:/Users/no_kn/Desktop/dataflow.v:43]
WARNING: [VRFC 10-3705] select index 0 into 'in' is out of bounds [C:/Users/no_kn/Desktop/dataflow.v:44]
WARNING: [VRFC 10-3705] select index 0 into 'in' is out of bounds [C:/Users/no_kn/Desktop/dataflow.v:45]
WARNING: [VRFC 10-3705] select index 0 into 'in' is out of bounds [C:/Users/no_kn/Desktop/dataflow.v:46]
WARNING: [VRFC 10-3705] select index 0 into 'in' is out of bounds [C:/Users/no_kn/Desktop/dataflow.v:47]
WARNING: [VRFC 10-3705] select index 0 into 'in' is out of bounds [C:/Users/no_kn/Desktop/dataflow.v:48]
WARNING: [VRFC 10-3705] select index 0 into 'in' is out of bounds [C:/Users/no_kn/Desktop/dataflow.v:50]
WARNING: [VRFC 10-3705] select index 0 into 'in' is out of bounds [C:/Users/no_kn/Desktop/dataflow.v:51]
WARNING: [VRFC 10-3705] select index 0 into 'in' is out of bounds [C:/Users/no_kn/Desktop/dataflow.v:52]
WARNING: [VRFC 10-3705] select index 0 into 'in' is out of bounds [C:/Users/no_kn/Desktop/dataflow.v:53]
WARNING: [VRFC 10-3705] select index 0 into 'in' is out of bounds [C:/Users/no_kn/Desktop/dataflow.v:54]
Completed static elaboration
Starting simulation data flow analysis
Completed simulation data flow analysis
Time Resolution for simulation is 1ps
Compiling module xil_defaultlib.dataflow
Compiling module xil_defaultlib.behavioral_tb
Compiling module xil_defaultlib.glbl
Built simulation snapshot behavioral_tb_behav
