
**** Build of configuration Debug for project finalProject ****

"C:\\ti\\ccs1260\\ccs\\utils\\bin\\gmake" -k -j 12 all -O 
 
Building file: "../main.c"
Invoking: MSP430 Compiler
"C:/ti/ccs1260/ccs/tools/compiler/ti-cgt-msp430_21.6.1.LTS/bin/cl430" -vmspx --data_model=restricted --use_hw_mpy=F5 --include_path="C:/ti/ccs1260/ccs/ccs_base/msp430/include" --include_path="C:/Users/no_kn/Documents/unh/coursework/ece649/finalProject" --include_path="C:/ti/ccs1260/ccs/tools/compiler/ti-cgt-msp430_21.6.1.LTS/include" --advice:power=all --advice:hw_config=all --define=__MSP430FR6989__ --define=_MPU_ENABLE -g --printf_support=minimal --diag_warning=225 --diag_wrap=off --display_error_number --silicon_errata=CPU21 --silicon_errata=CPU22 --silicon_errata=CPU40 --preproc_with_compile --preproc_dependency="main.d_raw"  "../main.c"
"../main.c", line 109: remark #1530-D: (ULP 5.1) Detected divide operation(s). Recommend moving them to RAM during run time or not using as these are processing/power intensive
"../main.c", line 118: remark #1538-D: (ULP 10.1) ISR PORT4_ISR calls function update_LCD. Recommend moving function call away from ISR, or inlining the function, or using pragmas
"../main.c", line 129: remark #1538-D: (ULP 10.1) ISR T1A0_ISR calls function update_LCD. Recommend moving function call away from ISR, or inlining the function, or using pragmas
"../main.c", line 149: remark #1530-D: (ULP 5.1) Detected modulo operation(s). Recommend moving them to RAM during run time or not using as these are processing/power intensive
Finished building: "../main.c"
 
Building target: "finalProject.out"
Invoking: MSP430 Linker
"C:/ti/ccs1260/ccs/tools/compiler/ti-cgt-msp430_21.6.1.LTS/bin/cl430" -vmspx --data_model=restricted --use_hw_mpy=F5 --advice:power=all --advice:hw_config=all --define=__MSP430FR6989__ --define=_MPU_ENABLE -g --printf_support=minimal --diag_warning=225 --diag_wrap=off --display_error_number --silicon_errata=CPU21 --silicon_errata=CPU22 --silicon_errata=CPU40 -z -m"finalProject.map" --heap_size=160 --stack_size=160 --cinit_hold_wdt=on -i"C:/ti/ccs1260/ccs/ccs_base/msp430/include" -i"C:/ti/ccs1260/ccs/ccs_base/msp430/lib/5xx_6xx_FRxx" -i"C:/ti/ccs1260/ccs/ccs_base/msp430/lib/FR59xx" -i"C:/ti/ccs1260/ccs/tools/compiler/ti-cgt-msp430_21.6.1.LTS/lib" -i"C:/ti/ccs1260/ccs/tools/compiler/ti-cgt-msp430_21.6.1.LTS/include" --priority --reread_libs --define=_MPU_ENABLE --diag_wrap=off --display_error_number --warn_sections --xml_link_info="finalProject_linkInfo.xml" --use_hw_mpy=F5 --rom_model -o "finalProject.out" "./adc12_b.obj" "./aes256.obj" "./comp_e.obj" "./crc.obj" "./crc32.obj" "./cs.obj" "./dma.obj" "./esi.obj" "./eusci_a_spi.obj" "./eusci_a_uart.obj" "./eusci_b_i2c.obj" "./eusci_b_spi.obj" "./framctl.obj" "./framctl_a.obj" "./gpio.obj" "./hspll.obj" "./lcd_c.obj" "./main.obj" "./mpu.obj" "./mpy32.obj" "./mtif.obj" "./myClocksWithCrystals.obj" "./myGpioLab3.obj" "./myLcdLab3.obj" "./pmm.obj" "./ram.obj" "./ref_a.obj" "./rtc_b.obj" "./rtc_c.obj" "./saph.obj" "./sdhs.obj" "./sfr.obj" "./sysctl.obj" "./timer_a.obj" "./timer_b.obj" "./tlv.obj" "./uups.obj" "./wdt_a.obj" "../lnk_msp430fr6989.cmd"  -llibmpu_init.a -llibmath.a -llibc.a 
<Linking>
remark #10372-D: (ULP 4.1) Detected uninitialized Port A in this project. Recommend initializing all unused ports to eliminate wasted current consumption on unused pins.
remark #10372-D: (ULP 4.1) Detected uninitialized Port B in this project. Recommend initializing all unused ports to eliminate wasted current consumption on unused pins.
remark #10372-D: (ULP 4.1) Detected uninitialized Port C in this project. Recommend initializing all unused ports to eliminate wasted current consumption on unused pins.
remark #10372-D: (ULP 4.1) Detected uninitialized Port D in this project. Recommend initializing all unused ports to eliminate wasted current consumption on unused pins.
remark #10372-D: (ULP 4.1) Detected uninitialized Port E in this project. Recommend initializing all unused ports to eliminate wasted current consumption on unused pins.
Finished building target: "finalProject.out"
 

**** Build Finished ****
